{"C:\\Users\\jared\\Desktop\\TDD\\Calculator\\calculator.js": {"path":"C:\\Users\\jared\\Desktop\\TDD\\Calculator\\calculator.js","all":false,"statementMap":{"0":{"start":{"line":1,"column":0},"end":{"line":1,"column":0}},"1":{"start":{"line":2,"column":0},"end":{"line":2,"column":36}},"2":{"start":{"line":3,"column":0},"end":{"line":3,"column":29}},"3":{"start":{"line":4,"column":0},"end":{"line":4,"column":28}},"4":{"start":{"line":5,"column":0},"end":{"line":5,"column":29}},"5":{"start":{"line":6,"column":0},"end":{"line":6,"column":5}},"6":{"start":{"line":7,"column":0},"end":{"line":7,"column":34}},"7":{"start":{"line":8,"column":0},"end":{"line":8,"column":29}},"8":{"start":{"line":9,"column":0},"end":{"line":9,"column":5}},"9":{"start":{"line":10,"column":0},"end":{"line":10,"column":36}},"10":{"start":{"line":11,"column":0},"end":{"line":11,"column":53}},"11":{"start":{"line":12,"column":0},"end":{"line":12,"column":77}},"12":{"start":{"line":13,"column":0},"end":{"line":13,"column":33}},"13":{"start":{"line":14,"column":0},"end":{"line":14,"column":11}},"14":{"start":{"line":15,"column":0},"end":{"line":15,"column":67}},"15":{"start":{"line":16,"column":0},"end":{"line":16,"column":5}},"16":{"start":{"line":17,"column":0},"end":{"line":17,"column":32}},"17":{"start":{"line":18,"column":0},"end":{"line":18,"column":47}},"18":{"start":{"line":19,"column":0},"end":{"line":19,"column":5}},"19":{"start":{"line":20,"column":0},"end":{"line":20,"column":48}},"20":{"start":{"line":21,"column":0},"end":{"line":21,"column":0}},"21":{"start":{"line":22,"column":0},"end":{"line":22,"column":0}},"22":{"start":{"line":23,"column":0},"end":{"line":23,"column":69}},"23":{"start":{"line":24,"column":0},"end":{"line":24,"column":26}},"24":{"start":{"line":25,"column":0},"end":{"line":25,"column":42}},"25":{"start":{"line":26,"column":0},"end":{"line":26,"column":17}},"26":{"start":{"line":27,"column":0},"end":{"line":27,"column":58}},"27":{"start":{"line":28,"column":0},"end":{"line":28,"column":11}},"28":{"start":{"line":29,"column":0},"end":{"line":29,"column":20}},"29":{"start":{"line":30,"column":0},"end":{"line":30,"column":4}},"30":{"start":{"line":31,"column":0},"end":{"line":31,"column":16}},"31":{"start":{"line":32,"column":0},"end":{"line":32,"column":1}},"32":{"start":{"line":33,"column":0},"end":{"line":33,"column":0}},"33":{"start":{"line":34,"column":0},"end":{"line":34,"column":28}}},"s":{"0":1,"1":9,"2":9,"3":9,"4":1,"5":1,"6":9,"7":1,"8":1,"9":9,"10":1,"11":1,"12":0,"13":0,"14":1,"15":1,"16":9,"17":1,"18":1,"19":5,"20":5,"21":5,"22":5,"23":16,"24":16,"25":16,"26":16,"27":16,"28":9,"29":0,"30":0,"31":0,"32":1,"33":1},"branchMap":{"0":{"type":"branch","line":2,"loc":{"start":{"line":2,"column":0},"end":{"line":32,"column":1}},"locations":[{"start":{"line":2,"column":0},"end":{"line":32,"column":1}}]},"1":{"type":"branch","line":4,"loc":{"start":{"line":4,"column":27},"end":{"line":6,"column":5}},"locations":[{"start":{"line":4,"column":27},"end":{"line":6,"column":5}}]},"2":{"type":"branch","line":7,"loc":{"start":{"line":7,"column":-2},"end":{"line":7,"column":7}},"locations":[{"start":{"line":7,"column":-2},"end":{"line":7,"column":7}}]},"3":{"type":"branch","line":7,"loc":{"start":{"line":7,"column":33},"end":{"line":9,"column":5}},"locations":[{"start":{"line":7,"column":33},"end":{"line":9,"column":5}}]},"4":{"type":"branch","line":10,"loc":{"start":{"line":10,"column":-2},"end":{"line":10,"column":7}},"locations":[{"start":{"line":10,"column":-2},"end":{"line":10,"column":7}}]},"5":{"type":"branch","line":10,"loc":{"start":{"line":10,"column":35},"end":{"line":16,"column":5}},"locations":[{"start":{"line":10,"column":35},"end":{"line":16,"column":5}}]},"6":{"type":"branch","line":17,"loc":{"start":{"line":17,"column":-2},"end":{"line":17,"column":7}},"locations":[{"start":{"line":17,"column":-2},"end":{"line":17,"column":7}}]},"7":{"type":"branch","line":17,"loc":{"start":{"line":17,"column":31},"end":{"line":19,"column":5}},"locations":[{"start":{"line":17,"column":31},"end":{"line":19,"column":5}}]},"8":{"type":"branch","line":20,"loc":{"start":{"line":20,"column":-2},"end":{"line":29,"column":15}},"locations":[{"start":{"line":20,"column":-2},"end":{"line":29,"column":15}}]},"9":{"type":"branch","line":29,"loc":{"start":{"line":29,"column":8},"end":{"line":32,"column":1}},"locations":[{"start":{"line":29,"column":8},"end":{"line":32,"column":1}}]},"10":{"type":"branch","line":23,"loc":{"start":{"line":23,"column":42},"end":{"line":28,"column":11}},"locations":[{"start":{"line":23,"column":42},"end":{"line":28,"column":11}}]},"11":{"type":"branch","line":25,"loc":{"start":{"line":25,"column":16},"end":{"line":25,"column":23}},"locations":[{"start":{"line":25,"column":16},"end":{"line":25,"column":23}}]}},"b":{"0":[9],"1":[1],"2":[8],"3":[1],"4":[7],"5":[1],"6":[6],"7":[1],"8":[5],"9":[0],"10":[16],"11":[0]},"fnMap":{"0":{"name":"calculator","decl":{"start":{"line":2,"column":0},"end":{"line":32,"column":1}},"loc":{"start":{"line":2,"column":0},"end":{"line":32,"column":1}},"line":2}},"f":{"0":9}}
}
