TN:
SF:Calculator\calculator.js
FN:2,calculator
FNF:1
FNH:1
FNDA:9,calculator
DA:1,1
DA:2,9
DA:3,9
DA:4,9
DA:5,1
DA:6,1
DA:7,9
DA:8,1
DA:9,1
DA:10,9
DA:11,1
DA:12,1
DA:13,0
DA:14,0
DA:15,1
DA:16,1
DA:17,9
DA:18,1
DA:19,1
DA:20,5
DA:21,5
DA:22,5
DA:23,5
DA:24,16
DA:25,16
DA:26,16
DA:27,16
DA:28,16
DA:29,9
DA:30,0
DA:31,0
DA:32,0
DA:33,1
DA:34,1
LF:34
LH:29
BRDA:2,0,0,9
BRDA:4,1,0,1
BRDA:7,2,0,8
BRDA:7,3,0,1
BRDA:10,4,0,7
BRDA:10,5,0,1
BRDA:17,6,0,6
BRDA:17,7,0,1
BRDA:20,8,0,5
BRDA:29,9,0,0
BRDA:23,10,0,16
BRDA:25,11,0,0
BRF:12
BRH:10
end_of_record
